This file contains any messages produced by compilers while
running configure, to aid debugging if configure makes a mistake.

It was created by s3fs configure 1.91, which was
generated by GNU Autoconf 2.69.  Invocation command line was

  $ ./configure -prefix=/usr -with-openssl

## --------- ##
## Platform. ##
## --------- ##

hostname = danpop-Predator-PH315-52
uname -m = x86_64
uname -r = 5.15.0-71-generic
uname -s = Linux
uname -v = #78~20.04.1-Ubuntu SMP Wed Apr 19 11:26:48 UTC 2023

/usr/bin/uname -p = x86_64
/bin/uname -X     = unknown

/bin/arch              = x86_64
/usr/bin/arch -k       = unknown
/usr/convex/getsysinfo = unknown
/usr/bin/hostinfo      = unknown
/bin/machine           = unknown
/usr/bin/oslevel       = unknown
/bin/universe          = unknown

PATH: /usr/local/sbin
PATH: /usr/local/bin
PATH: /usr/sbin
PATH: /usr/bin
PATH: /sbin
PATH: /bin
PATH: /usr/games
PATH: /usr/local/games
PATH: /snap/bin


## ----------- ##
## Core tests. ##
## ----------- ##

configure:2294: checking build system type
configure:2308: result: x86_64-pc-linux-gnu
configure:2328: checking host system type
configure:2341: result: x86_64-pc-linux-gnu
configure:2361: checking target system type
configure:2374: result: x86_64-pc-linux-gnu
configure:2416: checking for a BSD-compatible install
configure:2484: result: /usr/bin/install -c
configure:2495: checking whether build environment is sane
configure:2550: result: yes
configure:2699: checking for a thread-safe mkdir -p
configure:2738: result: /usr/bin/mkdir -p
configure:2745: checking for gawk
configure:2775: result: no
configure:2745: checking for mawk
configure:2761: found /usr/bin/mawk
configure:2772: result: mawk
configure:2783: checking whether make sets $(MAKE)
configure:2805: result: yes
configure:2834: checking whether make supports nested variables
configure:2851: result: yes
configure:3036: checking for g++
configure:3052: found /usr/bin/g++
configure:3063: result: g++
configure:3090: checking for C++ compiler version
configure:3099: g++ --version >&5
g++ (Ubuntu 9.4.0-1ubuntu1~20.04.1) 9.4.0
Copyright (C) 2019 Free Software Foundation, Inc.
This is free software; see the source for copying conditions.  There is NO
warranty; not even for MERCHANTABILITY or FITNESS FOR A PARTICULAR PURPOSE.

configure:3110: $? = 0
configure:3099: g++ -v >&5
Using built-in specs.
COLLECT_GCC=g++
COLLECT_LTO_WRAPPER=/usr/lib/gcc/x86_64-linux-gnu/9/lto-wrapper
OFFLOAD_TARGET_NAMES=nvptx-none:hsa
OFFLOAD_TARGET_DEFAULT=1
Target: x86_64-linux-gnu
Configured with: ../src/configure -v --with-pkgversion='Ubuntu 9.4.0-1ubuntu1~20.04.1' --with-bugurl=file:///usr/share/doc/gcc-9/README.Bugs --enable-languages=c,ada,c++,go,brig,d,fortran,objc,obj-c++,gm2 --prefix=/usr --with-gcc-major-version-only --program-suffix=-9 --program-prefix=x86_64-linux-gnu- --enable-shared --enable-linker-build-id --libexecdir=/usr/lib --without-included-gettext --enable-threads=posix --libdir=/usr/lib --enable-nls --enable-clocale=gnu --enable-libstdcxx-debug --enable-libstdcxx-time=yes --with-default-libstdcxx-abi=new --enable-gnu-unique-object --disable-vtable-verify --enable-plugin --enable-default-pie --with-system-zlib --with-target-system-zlib=auto --enable-objc-gc=auto --enable-multiarch --disable-werror --with-arch-32=i686 --with-abi=m64 --with-multilib-list=m32,m64,mx32 --enable-multilib --with-tune=generic --enable-offload-targets=nvptx-none=/build/gcc-9-Av3uEd/gcc-9-9.4.0/debian/tmp-nvptx/usr,hsa --without-cuda-driver --enable-checking=release --build=x86_64-linux-gnu --host=x86_64-linux-gnu --target=x86_64-linux-gnu
Thread model: posix
gcc version 9.4.0 (Ubuntu 9.4.0-1ubuntu1~20.04.1) 
configure:3110: $? = 0
configure:3099: g++ -V >&5
g++: error: unrecognized command line option '-V'
g++: fatal error: no input files
compilation terminated.
configure:3110: $? = 1
configure:3099: g++ -qversion >&5
g++: error: unrecognized command line option '-qversion'; did you mean '--version'?
g++: fatal error: no input files
compilation terminated.
configure:3110: $? = 1
configure:3130: checking whether the C++ compiler works
configure:3152: g++    conftest.cpp  >&5
configure:3156: $? = 0
configure:3204: result: yes
configure:3207: checking for C++ compiler default output file name
configure:3209: result: a.out
configure:3215: checking for suffix of executables
configure:3222: g++ -o conftest    conftest.cpp  >&5
configure:3226: $? = 0
configure:3248: result: 
configure:3270: checking whether we are cross compiling
configure:3278: g++ -o conftest    conftest.cpp  >&5
configure:3282: $? = 0
configure:3289: ./conftest
configure:3293: $? = 0
configure:3281: result: no
configure:3286: checking for suffix of object files
configure:3308: g++ -c   conftest.cpp >&5
configure:3312: $? = 0
configure:3333: result: o
configure:3337: checking whether we are using the GNU C++ compiler
configure:3356: g++ -c   conftest.cpp >&5
configure:3356: $? = 0
configure:3365: result: yes
configure:3374: checking whether g++ accepts -g
configure:3394: g++ -c -g  conftest.cpp >&5
configure:3394: $? = 0
configure:3435: result: yes
configure:3461: checking whether make supports the include directive
configure:3476: make -f confmf.GNU && cat confinc.out
this is the am__doit target
configure:3479: $? = 0
configure:3498: result: yes (GNU style)
configure:3523: checking dependency style of g++
configure:3634: result: gcc3
configure:3697: checking for gcc
configure:3713: found /usr/bin/gcc
configure:3724: result: gcc
configure:3953: checking for C compiler version
configure:3962: gcc --version >&5
gcc (Ubuntu 9.4.0-1ubuntu1~20.04.1) 9.4.0
Copyright (C) 2019 Free Software Foundation, Inc.
This is free software; see the source for copying conditions.  There is NO
warranty; not even for MERCHANTABILITY or FITNESS FOR A PARTICULAR PURPOSE.

configure:3973: $? = 0
configure:3962: gcc -v >&5
Using built-in specs.
COLLECT_GCC=gcc
COLLECT_LTO_WRAPPER=/usr/lib/gcc/x86_64-linux-gnu/9/lto-wrapper
OFFLOAD_TARGET_NAMES=nvptx-none:hsa
OFFLOAD_TARGET_DEFAULT=1
Target: x86_64-linux-gnu
Configured with: ../src/configure -v --with-pkgversion='Ubuntu 9.4.0-1ubuntu1~20.04.1' --with-bugurl=file:///usr/share/doc/gcc-9/README.Bugs --enable-languages=c,ada,c++,go,brig,d,fortran,objc,obj-c++,gm2 --prefix=/usr --with-gcc-major-version-only --program-suffix=-9 --program-prefix=x86_64-linux-gnu- --enable-shared --enable-linker-build-id --libexecdir=/usr/lib --without-included-gettext --enable-threads=posix --libdir=/usr/lib --enable-nls --enable-clocale=gnu --enable-libstdcxx-debug --enable-libstdcxx-time=yes --with-default-libstdcxx-abi=new --enable-gnu-unique-object --disable-vtable-verify --enable-plugin --enable-default-pie --with-system-zlib --with-target-system-zlib=auto --enable-objc-gc=auto --enable-multiarch --disable-werror --with-arch-32=i686 --with-abi=m64 --with-multilib-list=m32,m64,mx32 --enable-multilib --with-tune=generic --enable-offload-targets=nvptx-none=/build/gcc-9-Av3uEd/gcc-9-9.4.0/debian/tmp-nvptx/usr,hsa --without-cuda-driver --enable-checking=release --build=x86_64-linux-gnu --host=x86_64-linux-gnu --target=x86_64-linux-gnu
Thread model: posix
gcc version 9.4.0 (Ubuntu 9.4.0-1ubuntu1~20.04.1) 
configure:3973: $? = 0
configure:3962: gcc -V >&5
gcc: error: unrecognized command line option '-V'
gcc: fatal error: no input files
compilation terminated.
configure:3973: $? = 1
configure:3962: gcc -qversion >&5
gcc: error: unrecognized command line option '-qversion'; did you mean '--version'?
gcc: fatal error: no input files
compilation terminated.
configure:3973: $? = 1
configure:3977: checking whether we are using the GNU C compiler
configure:3996: gcc -c   conftest.c >&5
configure:3996: $? = 0
configure:4005: result: yes
configure:4014: checking whether gcc accepts -g
configure:4034: gcc -c -g  conftest.c >&5
configure:4034: $? = 0
configure:4075: result: yes
configure:4092: checking for gcc option to accept ISO C89
configure:4155: gcc  -c -g -O2  conftest.c >&5
configure:4155: $? = 0
configure:4168: result: none needed
configure:4193: checking whether gcc understands -c and -o together
configure:4215: gcc -c conftest.c -o conftest2.o
configure:4218: $? = 0
configure:4215: gcc -c conftest.c -o conftest2.o
configure:4218: $? = 0
configure:4230: result: yes
configure:4249: checking dependency style of gcc
configure:4360: result: gcc3
configure:4382: checking how to run the C preprocessor
configure:4413: gcc -E  conftest.c
configure:4413: $? = 0
configure:4427: gcc -E  conftest.c
conftest.c:11:10: fatal error: ac_nonexistent.h: No such file or directory
   11 | #include <ac_nonexistent.h>
      |          ^~~~~~~~~~~~~~~~~~
compilation terminated.
configure:4427: $? = 1
configure: failed program was:
| /* confdefs.h */
| #define PACKAGE_NAME "s3fs"
| #define PACKAGE_TARNAME "s3fs"
| #define PACKAGE_VERSION "1.91"
| #define PACKAGE_STRING "s3fs 1.91"
| #define PACKAGE_BUGREPORT ""
| #define PACKAGE_URL ""
| #define PACKAGE "s3fs"
| #define VERSION "1.91"
| /* end confdefs.h.  */
| #include <ac_nonexistent.h>
configure:4452: result: gcc -E
configure:4472: gcc -E  conftest.c
configure:4472: $? = 0
configure:4486: gcc -E  conftest.c
conftest.c:11:10: fatal error: ac_nonexistent.h: No such file or directory
   11 | #include <ac_nonexistent.h>
      |          ^~~~~~~~~~~~~~~~~~
compilation terminated.
configure:4486: $? = 1
configure: failed program was:
| /* confdefs.h */
| #define PACKAGE_NAME "s3fs"
| #define PACKAGE_TARNAME "s3fs"
| #define PACKAGE_VERSION "1.91"
| #define PACKAGE_STRING "s3fs 1.91"
| #define PACKAGE_BUGREPORT ""
| #define PACKAGE_URL ""
| #define PACKAGE "s3fs"
| #define VERSION "1.91"
| /* end confdefs.h.  */
| #include <ac_nonexistent.h>
configure:4515: checking for grep that handles long lines and -e
configure:4573: result: /usr/bin/grep
configure:4578: checking for egrep
configure:4640: result: /usr/bin/grep -E
configure:4645: checking for ANSI C header files
configure:4665: gcc -c -g -O2  conftest.c >&5
configure:4665: $? = 0
configure:4738: gcc -o conftest -g -O2   conftest.c  >&5
configure:4738: $? = 0
configure:4738: ./conftest
configure:4738: $? = 0
configure:4749: result: yes
configure:4762: checking for sys/types.h
configure:4762: gcc -c -g -O2  conftest.c >&5
configure:4762: $? = 0
configure:4762: result: yes
configure:4762: checking for sys/stat.h
configure:4762: gcc -c -g -O2  conftest.c >&5
configure:4762: $? = 0
configure:4762: result: yes
configure:4762: checking for stdlib.h
configure:4762: gcc -c -g -O2  conftest.c >&5
configure:4762: $? = 0
configure:4762: result: yes
configure:4762: checking for string.h
configure:4762: gcc -c -g -O2  conftest.c >&5
configure:4762: $? = 0
configure:4762: result: yes
configure:4762: checking for memory.h
configure:4762: gcc -c -g -O2  conftest.c >&5
configure:4762: $? = 0
configure:4762: result: yes
configure:4762: checking for strings.h
configure:4762: gcc -c -g -O2  conftest.c >&5
configure:4762: $? = 0
configure:4762: result: yes
configure:4762: checking for inttypes.h
configure:4762: gcc -c -g -O2  conftest.c >&5
configure:4762: $? = 0
configure:4762: result: yes
configure:4762: checking for stdint.h
configure:4762: gcc -c -g -O2  conftest.c >&5
configure:4762: $? = 0
configure:4762: result: yes
configure:4762: checking for unistd.h
configure:4762: gcc -c -g -O2  conftest.c >&5
configure:4762: $? = 0
configure:4762: result: yes
configure:4776: checking sys/xattr.h usability
configure:4776: gcc -c -g -O2  conftest.c >&5
configure:4776: $? = 0
configure:4776: result: yes
configure:4776: checking sys/xattr.h presence
configure:4776: gcc -E  conftest.c
configure:4776: $? = 0
configure:4776: result: yes
configure:4776: checking for sys/xattr.h
configure:4776: result: yes
configure:4788: checking attr/xattr.h usability
configure:4788: gcc -c -g -O2  conftest.c >&5
conftest.c:55:10: fatal error: attr/xattr.h: No such file or directory
   55 | #include <attr/xattr.h>
      |          ^~~~~~~~~~~~~~
compilation terminated.
configure:4788: $? = 1
configure: failed program was:
| /* confdefs.h */
| #define PACKAGE_NAME "s3fs"
| #define PACKAGE_TARNAME "s3fs"
| #define PACKAGE_VERSION "1.91"
| #define PACKAGE_STRING "s3fs 1.91"
| #define PACKAGE_BUGREPORT ""
| #define PACKAGE_URL ""
| #define PACKAGE "s3fs"
| #define VERSION "1.91"
| #define STDC_HEADERS 1
| #define HAVE_SYS_TYPES_H 1
| #define HAVE_SYS_STAT_H 1
| #define HAVE_STDLIB_H 1
| #define HAVE_STRING_H 1
| #define HAVE_MEMORY_H 1
| #define HAVE_STRINGS_H 1
| #define HAVE_INTTYPES_H 1
| #define HAVE_STDINT_H 1
| #define HAVE_UNISTD_H 1
| #define HAVE_SYS_XATTR_H 1
| /* end confdefs.h.  */
| #include <stdio.h>
| #ifdef HAVE_SYS_TYPES_H
| # include <sys/types.h>
| #endif
| #ifdef HAVE_SYS_STAT_H
| # include <sys/stat.h>
| #endif
| #ifdef STDC_HEADERS
| # include <stdlib.h>
| # include <stddef.h>
| #else
| # ifdef HAVE_STDLIB_H
| #  include <stdlib.h>
| # endif
| #endif
| #ifdef HAVE_STRING_H
| # if !defined STDC_HEADERS && defined HAVE_MEMORY_H
| #  include <memory.h>
| # endif
| # include <string.h>
| #endif
| #ifdef HAVE_STRINGS_H
| # include <strings.h>
| #endif
| #ifdef HAVE_INTTYPES_H
| # include <inttypes.h>
| #endif
| #ifdef HAVE_STDINT_H
| # include <stdint.h>
| #endif
| #ifdef HAVE_UNISTD_H
| # include <unistd.h>
| #endif
| #include <attr/xattr.h>
configure:4788: result: no
configure:4788: checking attr/xattr.h presence
configure:4788: gcc -E  conftest.c
conftest.c:22:10: fatal error: attr/xattr.h: No such file or directory
   22 | #include <attr/xattr.h>
      |          ^~~~~~~~~~~~~~
compilation terminated.
configure:4788: $? = 1
configure: failed program was:
| /* confdefs.h */
| #define PACKAGE_NAME "s3fs"
| #define PACKAGE_TARNAME "s3fs"
| #define PACKAGE_VERSION "1.91"
| #define PACKAGE_STRING "s3fs 1.91"
| #define PACKAGE_BUGREPORT ""
| #define PACKAGE_URL ""
| #define PACKAGE "s3fs"
| #define VERSION "1.91"
| #define STDC_HEADERS 1
| #define HAVE_SYS_TYPES_H 1
| #define HAVE_SYS_STAT_H 1
| #define HAVE_STDLIB_H 1
| #define HAVE_STRING_H 1
| #define HAVE_MEMORY_H 1
| #define HAVE_STRINGS_H 1
| #define HAVE_INTTYPES_H 1
| #define HAVE_STDINT_H 1
| #define HAVE_UNISTD_H 1
| #define HAVE_SYS_XATTR_H 1
| /* end confdefs.h.  */
| #include <attr/xattr.h>
configure:4788: result: no
configure:4788: checking for attr/xattr.h
configure:4788: result: no
configure:4800: checking sys/extattr.h usability
configure:4800: gcc -c -g -O2  conftest.c >&5
conftest.c:55:10: fatal error: sys/extattr.h: No such file or directory
   55 | #include <sys/extattr.h>
      |          ^~~~~~~~~~~~~~~
compilation terminated.
configure:4800: $? = 1
configure: failed program was:
| /* confdefs.h */
| #define PACKAGE_NAME "s3fs"
| #define PACKAGE_TARNAME "s3fs"
| #define PACKAGE_VERSION "1.91"
| #define PACKAGE_STRING "s3fs 1.91"
| #define PACKAGE_BUGREPORT ""
| #define PACKAGE_URL ""
| #define PACKAGE "s3fs"
| #define VERSION "1.91"
| #define STDC_HEADERS 1
| #define HAVE_SYS_TYPES_H 1
| #define HAVE_SYS_STAT_H 1
| #define HAVE_STDLIB_H 1
| #define HAVE_STRING_H 1
| #define HAVE_MEMORY_H 1
| #define HAVE_STRINGS_H 1
| #define HAVE_INTTYPES_H 1
| #define HAVE_STDINT_H 1
| #define HAVE_UNISTD_H 1
| #define HAVE_SYS_XATTR_H 1
| /* end confdefs.h.  */
| #include <stdio.h>
| #ifdef HAVE_SYS_TYPES_H
| # include <sys/types.h>
| #endif
| #ifdef HAVE_SYS_STAT_H
| # include <sys/stat.h>
| #endif
| #ifdef STDC_HEADERS
| # include <stdlib.h>
| # include <stddef.h>
| #else
| # ifdef HAVE_STDLIB_H
| #  include <stdlib.h>
| # endif
| #endif
| #ifdef HAVE_STRING_H
| # if !defined STDC_HEADERS && defined HAVE_MEMORY_H
| #  include <memory.h>
| # endif
| # include <string.h>
| #endif
| #ifdef HAVE_STRINGS_H
| # include <strings.h>
| #endif
| #ifdef HAVE_INTTYPES_H
| # include <inttypes.h>
| #endif
| #ifdef HAVE_STDINT_H
| # include <stdint.h>
| #endif
| #ifdef HAVE_UNISTD_H
| # include <unistd.h>
| #endif
| #include <sys/extattr.h>
configure:4800: result: no
configure:4800: checking sys/extattr.h presence
configure:4800: gcc -E  conftest.c
conftest.c:22:10: fatal error: sys/extattr.h: No such file or directory
   22 | #include <sys/extattr.h>
      |          ^~~~~~~~~~~~~~~
compilation terminated.
configure:4800: $? = 1
configure: failed program was:
| /* confdefs.h */
| #define PACKAGE_NAME "s3fs"
| #define PACKAGE_TARNAME "s3fs"
| #define PACKAGE_VERSION "1.91"
| #define PACKAGE_STRING "s3fs 1.91"
| #define PACKAGE_BUGREPORT ""
| #define PACKAGE_URL ""
| #define PACKAGE "s3fs"
| #define VERSION "1.91"
| #define STDC_HEADERS 1
| #define HAVE_SYS_TYPES_H 1
| #define HAVE_SYS_STAT_H 1
| #define HAVE_STDLIB_H 1
| #define HAVE_STRING_H 1
| #define HAVE_MEMORY_H 1
| #define HAVE_STRINGS_H 1
| #define HAVE_INTTYPES_H 1
| #define HAVE_STDINT_H 1
| #define HAVE_UNISTD_H 1
| #define HAVE_SYS_XATTR_H 1
| /* end confdefs.h.  */
| #include <sys/extattr.h>
configure:4800: result: no
configure:4800: checking for sys/extattr.h
configure:4800: result: no
configure:4812: checking for fallocate
configure:4812: gcc -o conftest -g -O2   conftest.c  >&5
configure:4812: $? = 0
configure:4812: result: yes
configure:4845: checking s3fs build with nettle(GnuTLS)
configure:4865: result: no
configure:4871: checking s3fs build with OpenSSL
configure:4879: result: yes
configure:4901: checking s3fs build with GnuTLS
configure:4931: result: no
configure:4937: checking s3fs build with NSS
configure:4967: result: no
configure:5037: checking for pkg-config
configure:5055: found /usr/bin/pkg-config
configure:5067: result: /usr/bin/pkg-config
configure:5092: checking pkg-config is at least version 0.9.0
configure:5095: result: yes
configure:5105: checking for common_lib_checking
configure:5112: $PKG_CONFIG --exists --print-errors "fuse >= ${min_fuse_version} libcurl >= 7.0 libxml-2.0 >= 2.6 "
configure:5115: $? = 0
configure:5129: $PKG_CONFIG --exists --print-errors "fuse >= ${min_fuse_version} libcurl >= 7.0 libxml-2.0 >= 2.6 "
configure:5132: $? = 0
configure:5190: result: yes
configure:5195: checking compile s3fs with
configure:5199: result: OpenSSL
configure:5203: checking for DEPS
configure:5210: $PKG_CONFIG --exists --print-errors "fuse >= ${min_fuse_version} libcurl >= 7.0 libxml-2.0 >= 2.6 libcrypto >= 0.9 "
configure:5213: $? = 0
configure:5227: $PKG_CONFIG --exists --print-errors "fuse >= ${min_fuse_version} libcurl >= 7.0 libxml-2.0 >= 2.6 libcrypto >= 0.9 "
configure:5230: $? = 0
configure:5288: result: yes
configure:5292: checking openssl 3.0 or later
configure:5308: gcc -c -g -O2  conftest.c >&5
configure:5308: $? = 0
configure:5309: result: no
configure:5838: checking for malloc_trim
configure:5838: gcc -o conftest -g -O2   conftest.c  >&5
configure:5838: $? = 0
configure:5838: result: yes
configure:5848: checking for library containing clock_gettime
configure:5879: gcc -o conftest -g -O2   conftest.c  >&5
configure:5879: $? = 0
configure:5896: result: none required
configure:5906: checking for clock_gettime
configure:5906: gcc -o conftest -g -O2   conftest.c  >&5
configure:5906: $? = 0
configure:5906: result: yes
configure:5916: checking pthread mutex recursive
configure:5930: gcc -c -g -O2  conftest.c >&5
configure:5930: $? = 0
configure:5934: result: PTHREAD_MUTEX_RECURSIVE
configure:5966: checking checking CURLOPT_TCP_KEEPALIVE
configure:5980: gcc -c -g -O2  conftest.c >&5
configure:5980: $? = 0
configure:5984: result: yes
configure:5998: checking checking CURLOPT_SSL_ENABLE_ALPN
configure:6012: gcc -c -g -O2  conftest.c >&5
configure:6012: $? = 0
configure:6016: result: yes
configure:6030: checking checking CURLOPT_KEEP_SENDING_ON_ERROR
configure:6044: gcc -c -g -O2  conftest.c >&5
configure:6044: $? = 0
configure:6048: result: yes
configure:6062: checking for dlopen, dlclose, dlerror, dlsym in -ldl
configure:6087: gcc -o conftest -g -O2   conftest.c -ldl   >&5
configure:6087: $? = 0
configure:6096: result: yes
configure:6118: checking for git
configure:6134: found /usr/bin/git
configure:6146: result: yes
configure:6160: checking github short commit hash
configure:6169: result: 6d4bb59
configure:6279: checking that generated files are newer than configure
configure:6285: result: done
configure:6332: creating ./config.status

## ---------------------- ##
## Running config.status. ##
## ---------------------- ##

This file was extended by s3fs config.status 1.91, which was
generated by GNU Autoconf 2.69.  Invocation command line was

  CONFIG_FILES    = 
  CONFIG_HEADERS  = 
  CONFIG_LINKS    = 
  CONFIG_COMMANDS = 
  $ ./config.status 

on danpop-Predator-PH315-52

config.status:900: creating Makefile
config.status:900: creating src/Makefile
config.status:900: creating test/Makefile
config.status:900: creating doc/Makefile
config.status:900: creating doc/man/s3fs.1
config.status:900: creating config.h
config.status:1129: executing depfiles commands
config.status:1206: cd src       && sed -e '/# am--include-marker/d' Makefile         | make -f - am--depfiles
config.status:1211: $? = 0
config.status:1206: cd test       && sed -e '/# am--include-marker/d' Makefile         | make -f - am--depfiles
config.status:1211: $? = 0

## ---------------- ##
## Cache variables. ##
## ---------------- ##

ac_cv_build=x86_64-pc-linux-gnu
ac_cv_c_compiler_gnu=yes
ac_cv_cxx_compiler_gnu=yes
ac_cv_env_CCC_set=
ac_cv_env_CCC_value=
ac_cv_env_CC_set=
ac_cv_env_CC_value=
ac_cv_env_CFLAGS_set=
ac_cv_env_CFLAGS_value=
ac_cv_env_CPPFLAGS_set=
ac_cv_env_CPPFLAGS_value=
ac_cv_env_CPP_set=
ac_cv_env_CPP_value=
ac_cv_env_CXXFLAGS_set=
ac_cv_env_CXXFLAGS_value=
ac_cv_env_CXX_set=
ac_cv_env_CXX_value=
ac_cv_env_DEPS_CFLAGS_set=
ac_cv_env_DEPS_CFLAGS_value=
ac_cv_env_DEPS_LIBS_set=
ac_cv_env_DEPS_LIBS_value=
ac_cv_env_LDFLAGS_set=
ac_cv_env_LDFLAGS_value=
ac_cv_env_LIBS_set=
ac_cv_env_LIBS_value=
ac_cv_env_PKG_CONFIG_LIBDIR_set=
ac_cv_env_PKG_CONFIG_LIBDIR_value=
ac_cv_env_PKG_CONFIG_PATH_set=
ac_cv_env_PKG_CONFIG_PATH_value=
ac_cv_env_PKG_CONFIG_set=
ac_cv_env_PKG_CONFIG_value=
ac_cv_env_build_alias_set=
ac_cv_env_build_alias_value=
ac_cv_env_common_lib_checking_CFLAGS_set=
ac_cv_env_common_lib_checking_CFLAGS_value=
ac_cv_env_common_lib_checking_LIBS_set=
ac_cv_env_common_lib_checking_LIBS_value=
ac_cv_env_host_alias_set=
ac_cv_env_host_alias_value=
ac_cv_env_target_alias_set=
ac_cv_env_target_alias_value=
ac_cv_func_clock_gettime=yes
ac_cv_func_fallocate=yes
ac_cv_func_malloc_trim=yes
ac_cv_header_attr_xattr_h=no
ac_cv_header_inttypes_h=yes
ac_cv_header_memory_h=yes
ac_cv_header_stdc=yes
ac_cv_header_stdint_h=yes
ac_cv_header_stdlib_h=yes
ac_cv_header_string_h=yes
ac_cv_header_strings_h=yes
ac_cv_header_sys_extattr_h=no
ac_cv_header_sys_stat_h=yes
ac_cv_header_sys_types_h=yes
ac_cv_header_sys_xattr_h=yes
ac_cv_header_unistd_h=yes
ac_cv_host=x86_64-pc-linux-gnu
ac_cv_lib_dl_dlopen__dlclose__dlerror__dlsym=yes
ac_cv_objext=o
ac_cv_path_EGREP='/usr/bin/grep -E'
ac_cv_path_GREP=/usr/bin/grep
ac_cv_path_ac_pt_PKG_CONFIG=/usr/bin/pkg-config
ac_cv_path_install='/usr/bin/install -c'
ac_cv_path_mkdir=/usr/bin/mkdir
ac_cv_prog_AWK=mawk
ac_cv_prog_CPP='gcc -E'
ac_cv_prog_GITCMD=yes
ac_cv_prog_ac_ct_CC=gcc
ac_cv_prog_ac_ct_CXX=g++
ac_cv_prog_cc_c89=
ac_cv_prog_cc_g=yes
ac_cv_prog_cxx_g=yes
ac_cv_prog_make_make_set=yes
ac_cv_search_clock_gettime='none required'
ac_cv_target=x86_64-pc-linux-gnu
am_cv_CC_dependencies_compiler_type=gcc3
am_cv_CXX_dependencies_compiler_type=gcc3
am_cv_make_support_nested_variables=yes
am_cv_prog_cc_c_o=yes
pkg_cv_DEPS_CFLAGS='-D_FILE_OFFSET_BITS=64 -I/usr/include/fuse -I/usr/include/x86_64-linux-gnu -I/usr/include/libxml2'
pkg_cv_DEPS_LIBS='-lfuse -pthread -lcurl -lxml2 -lcrypto'
pkg_cv_common_lib_checking_CFLAGS='-D_FILE_OFFSET_BITS=64 -I/usr/include/fuse -I/usr/include/x86_64-linux-gnu -I/usr/include/libxml2'
pkg_cv_common_lib_checking_LIBS='-lfuse -pthread -lcurl -lxml2'

## ----------------- ##
## Output variables. ##
## ----------------- ##

ACLOCAL='${SHELL} /home/danpop/s3fs-fuse/missing aclocal-1.16'
AMDEPBACKSLASH='\'
AMDEP_FALSE='#'
AMDEP_TRUE=''
AMTAR='$${TAR-tar}'
AM_BACKSLASH='\'
AM_DEFAULT_V='$(AM_DEFAULT_VERBOSITY)'
AM_DEFAULT_VERBOSITY='1'
AM_V='$(V)'
AUTOCONF='${SHELL} /home/danpop/s3fs-fuse/missing autoconf'
AUTOHEADER='${SHELL} /home/danpop/s3fs-fuse/missing autoheader'
AUTOMAKE='${SHELL} /home/danpop/s3fs-fuse/missing automake-1.16'
AWK='mawk'
CC='gcc'
CCDEPMODE='depmode=gcc3'
CFLAGS='-g -O2'
CPP='gcc -E'
CPPFLAGS=''
CXX='g++'
CXXDEPMODE='depmode=gcc3'
CXXFLAGS='-g -O2 -Wall -fno-exceptions -D_FILE_OFFSET_BITS=64 -D_FORTIFY_SOURCE=2'
CYGPATH_W='echo'
DEFS='-DHAVE_CONFIG_H'
DEPDIR='.deps'
DEPS_CFLAGS='-D_FILE_OFFSET_BITS=64 -I/usr/include/fuse -I/usr/include/x86_64-linux-gnu -I/usr/include/libxml2'
DEPS_LIBS='-lfuse -pthread -lcurl -lxml2 -lcrypto'
ECHO_C=''
ECHO_N='-n'
ECHO_T=''
EGREP='/usr/bin/grep -E'
EXEEXT=''
GITCMD='yes'
GREP='/usr/bin/grep'
INSTALL_DATA='${INSTALL} -m 644'
INSTALL_PROGRAM='${INSTALL}'
INSTALL_SCRIPT='${INSTALL}'
INSTALL_STRIP_PROGRAM='$(install_sh) -c -s'
LDFLAGS=''
LIBOBJS=''
LIBS='-ldl '
LTLIBOBJS=''
MAKEINFO='${SHELL} /home/danpop/s3fs-fuse/missing makeinfo'
MAN_PAGE_DATE='May 2023'
MKDIR_P='/usr/bin/mkdir -p'
OBJEXT='o'
PACKAGE='s3fs'
PACKAGE_BUGREPORT=''
PACKAGE_NAME='s3fs'
PACKAGE_STRING='s3fs 1.91'
PACKAGE_TARNAME='s3fs'
PACKAGE_URL=''
PACKAGE_VERSION='1.91'
PATH_SEPARATOR=':'
PKG_CONFIG='/usr/bin/pkg-config'
PKG_CONFIG_LIBDIR=''
PKG_CONFIG_PATH=''
SET_MAKE=''
SHELL='/bin/bash'
STRIP=''
USE_GNUTLS_NETTLE_FALSE=''
USE_GNUTLS_NETTLE_TRUE='#'
USE_SSL_GNUTLS_FALSE=''
USE_SSL_GNUTLS_TRUE='#'
USE_SSL_NSS_FALSE=''
USE_SSL_NSS_TRUE='#'
USE_SSL_OPENSSL_30_FALSE=''
USE_SSL_OPENSSL_30_TRUE='#'
USE_SSL_OPENSSL_FALSE='#'
USE_SSL_OPENSSL_TRUE=''
VERSION='1.91'
ac_ct_CC='gcc'
ac_ct_CXX='g++'
am__EXEEXT_FALSE=''
am__EXEEXT_TRUE='#'
am__fastdepCC_FALSE='#'
am__fastdepCC_TRUE=''
am__fastdepCXX_FALSE='#'
am__fastdepCXX_TRUE=''
am__include='include'
am__isrc=''
am__leading_dot='.'
am__nodep='_no'
am__quote=''
am__tar='$${TAR-tar} chof - "$$tardir"'
am__untar='$${TAR-tar} xf -'
bindir='${exec_prefix}/bin'
build='x86_64-pc-linux-gnu'
build_alias=''
build_cpu='x86_64'
build_os='linux-gnu'
build_vendor='pc'
common_lib_checking_CFLAGS='-D_FILE_OFFSET_BITS=64 -I/usr/include/fuse -I/usr/include/x86_64-linux-gnu -I/usr/include/libxml2'
common_lib_checking_LIBS='-lfuse -pthread -lcurl -lxml2'
datadir='${datarootdir}'
datarootdir='${prefix}/share'
docdir='${datarootdir}/doc/${PACKAGE_TARNAME}'
dvidir='${docdir}'
exec_prefix='${prefix}'
host='x86_64-pc-linux-gnu'
host_alias=''
host_cpu='x86_64'
host_os='linux-gnu'
host_vendor='pc'
htmldir='${docdir}'
includedir='${prefix}/include'
infodir='${datarootdir}/info'
install_sh='${SHELL} /home/danpop/s3fs-fuse/install-sh'
libdir='${exec_prefix}/lib'
libexecdir='${exec_prefix}/libexec'
localedir='${datarootdir}/locale'
localstatedir='${prefix}/var'
mandir='${datarootdir}/man'
mkdir_p='$(MKDIR_P)'
oldincludedir='/usr/include'
pdfdir='${docdir}'
prefix='/usr'
program_transform_name='s,x,x,'
psdir='${docdir}'
runstatedir='${localstatedir}/run'
sbindir='${exec_prefix}/sbin'
sharedstatedir='${prefix}/com'
sysconfdir='${prefix}/etc'
target='x86_64-pc-linux-gnu'
target_alias=''
target_cpu='x86_64'
target_os='linux-gnu'
target_vendor='pc'

## ----------- ##
## confdefs.h. ##
## ----------- ##

/* confdefs.h */
#define PACKAGE_NAME "s3fs"
#define PACKAGE_TARNAME "s3fs"
#define PACKAGE_VERSION "1.91"
#define PACKAGE_STRING "s3fs 1.91"
#define PACKAGE_BUGREPORT ""
#define PACKAGE_URL ""
#define PACKAGE "s3fs"
#define VERSION "1.91"
#define STDC_HEADERS 1
#define HAVE_SYS_TYPES_H 1
#define HAVE_SYS_STAT_H 1
#define HAVE_STDLIB_H 1
#define HAVE_STRING_H 1
#define HAVE_MEMORY_H 1
#define HAVE_STRINGS_H 1
#define HAVE_INTTYPES_H 1
#define HAVE_STDINT_H 1
#define HAVE_UNISTD_H 1
#define HAVE_SYS_XATTR_H 1
#define HAVE_FALLOCATE 1
#define HAVE_MALLOC_TRIM 1
#define HAVE_CLOCK_GETTIME 1
#define S3FS_MUTEX_RECURSIVE PTHREAD_MUTEX_RECURSIVE
#define HAVE_CURLOPT_TCP_KEEPALIVE 1
#define HAVE_CURLOPT_SSL_ENABLE_ALPN 1
#define HAVE_CURLOPT_KEEP_SENDING_ON_ERROR 1
#define HAVE_LIBDL 1
#define COMMIT_HASH_VAL "6d4bb59"

configure: exit 0
